ARM GAS  C:\Users\MARKOM~1\AppData\Local\Temp\cckc2bbd.s 			page 1


   1              		.cpu cortex-m3
   2              		.eabi_attribute 20, 1
   3              		.eabi_attribute 21, 1
   4              		.eabi_attribute 23, 3
   5              		.eabi_attribute 24, 1
   6              		.eabi_attribute 25, 1
   7              		.eabi_attribute 26, 1
   8              		.eabi_attribute 30, 1
   9              		.eabi_attribute 34, 1
  10              		.eabi_attribute 18, 4
  11              		.file	"casovnik.c"
  12              		.text
  13              	.Ltext0:
  14              		.cfi_sections	.debug_frame
  15              		.section	.text.casovnik,"ax",%progbits
  16              		.align	1
  17              		.global	casovnik
  18              		.arch armv7-m
  19              		.syntax unified
  20              		.thumb
  21              		.thumb_func
  22              		.fpu softvfp
  24              	casovnik:
  25              	.LFB65:
  26              		.file 1 "../Core/Src/casovnik.c"
   1:../Core/Src/casovnik.c **** 
  27              		.loc 1 57 1 view -0
  28              		.cfi_startproc
  29              		@ args = 0, pretend = 0, frame = 0
  30              		@ frame_needed = 0, uses_anonymous_args = 0
  31 0000 10B5     		push	{r4, lr}
  32              	.LCFI0:
  33              		.cfi_def_cfa_offset 8
  34              		.cfi_offset 4, -8
  35              		.cfi_offset 14, -4
  36              		.loc 1 58 2 view .LVU1
  37 0002 064C     		ldr	r4, .L3
  38 0004 2068     		ldr	r0, [r4]
  39 0006 064B     		ldr	r3, .L3+4
  40 0008 9847     		blx	r3
  41              	.LVL0:
  42              		.loc 1 59 2 view .LVU2
  43 000a 0021     		movs	r1, #0
  44 000c 2068     		ldr	r0, [r4]
  45 000e 054B     		ldr	r3, .L3+8
  46 0010 9847     		blx	r3
  47              	.LVL1:
  48              		.loc 1 61 2 view .LVU3
  49              		.loc 1 61 24 is_stmt 0 view .LVU4
  50 0012 054B     		ldr	r3, .L3+12
  51 0014 5A78     		ldrb	r2, [r3, #1]	@ zero_extendqisi2
  52              		.loc 1 61 13 view .LVU5
  53 0016 054B     		ldr	r3, .L3+16
  54 0018 DA60     		str	r2, [r3, #12]
  55              		.loc 1 62 1 view .LVU6
  56 001a 10BD     		pop	{r4, pc}
  57              	.L4:
ARM GAS  C:\Users\MARKOM~1\AppData\Local\Temp\cckc2bbd.s 			page 2


  58              		.align	2
  59              	.L3:
  60 001c 00000000 		.word	.LANCHOR0
  61 0020 00000000 		.word	HAL_TIM_Base_Start_IT
  62 0024 00000000 		.word	HAL_TIM_IC_Start_IT
  63 0028 00000000 		.word	.LANCHOR1
  64 002c 00100140 		.word	1073811456
  65              		.cfi_endproc
  66              	.LFE65:
  68              		.section	.text.HAL_TIM_PeriodElapsedCallback,"ax",%progbits
  69              		.align	1
  70              		.global	HAL_TIM_PeriodElapsedCallback
  71              		.syntax unified
  72              		.thumb
  73              		.thumb_func
  74              		.fpu softvfp
  76              	HAL_TIM_PeriodElapsedCallback:
  77              	.LVL2:
  78              	.LFB66:
  79              		.loc 1 73 1 is_stmt 1 view -0
  80              		.cfi_startproc
  81              		@ args = 0, pretend = 0, frame = 0
  82              		@ frame_needed = 0, uses_anonymous_args = 0
  83              		@ link register save eliminated.
  84              		.loc 1 74 2 view .LVU8
  85              		.loc 1 74 10 is_stmt 0 view .LVU9
  86 0000 0268     		ldr	r2, [r0]
  87              		.loc 1 74 43 view .LVU10
  88 0002 384B     		ldr	r3, .L16
  89 0004 1B68     		ldr	r3, [r3]
  90 0006 1B68     		ldr	r3, [r3]
  91              		.loc 1 74 5 view .LVU11
  92 0008 9A42     		cmp	r2, r3
  93 000a 00D0     		beq	.L13
  94 000c 7047     		bx	lr
  95              	.L13:
  96              		.loc 1 73 1 view .LVU12
  97 000e 10B4     		push	{r4}
  98              	.LCFI1:
  99              		.cfi_def_cfa_offset 4
 100              		.cfi_offset 4, -4
 101              		.loc 1 76 3 is_stmt 1 view .LVU13
 102              		.loc 1 76 7 is_stmt 0 view .LVU14
 103 0010 354A     		ldr	r2, .L16+4
 104 0012 1368     		ldr	r3, [r2]
 105 0014 0133     		adds	r3, r3, #1
 106              		.loc 1 76 6 view .LVU15
 107 0016 1360     		str	r3, [r2]
 108 0018 642B     		cmp	r3, #100
 109 001a 29D0     		beq	.L14
 110              	.LVL3:
 111              	.L7:
 112              		.loc 1 97 3 is_stmt 1 view .LVU16
 113              		.loc 1 97 20 is_stmt 0 view .LVU17
 114 001c 3349     		ldr	r1, .L16+8
 115 001e 0B78     		ldrb	r3, [r1]	@ zero_extendqisi2
 116 0020 0133     		adds	r3, r3, #1
ARM GAS  C:\Users\MARKOM~1\AppData\Local\Temp\cckc2bbd.s 			page 3


 117              		.loc 1 97 25 view .LVU18
 118 0022 5A42     		rsbs	r2, r3, #0
 119 0024 03F00303 		and	r3, r3, #3
 120 0028 02F00302 		and	r2, r2, #3
 121 002c 58BF     		it	pl
 122 002e 5342     		rsbpl	r3, r2, #0
 123              		.loc 1 97 10 view .LVU19
 124 0030 DBB2     		uxtb	r3, r3
 125 0032 0B70     		strb	r3, [r1]
 126              		.loc 1 99 3 is_stmt 1 view .LVU20
 127              		.loc 1 99 14 is_stmt 0 view .LVU21
 128 0034 2E4A     		ldr	r2, .L16+12
 129 0036 D168     		ldr	r1, [r2, #12]
 130 0038 21F47061 		bic	r1, r1, #3840
 131 003c D160     		str	r1, [r2, #12]
 132              		.loc 1 101 3 is_stmt 1 view .LVU22
 133              		.loc 1 101 14 is_stmt 0 view .LVU23
 134 003e D168     		ldr	r1, [r2, #12]
 135 0040 21F0FF01 		bic	r1, r1, #255
 136 0044 D160     		str	r1, [r2, #12]
 137              		.loc 1 102 3 is_stmt 1 view .LVU24
 138              		.loc 1 102 32 is_stmt 0 view .LVU25
 139 0046 2B49     		ldr	r1, .L16+16
 140 0048 C85C     		ldrb	r0, [r1, r3]	@ zero_extendqisi2
 141 004a C0B2     		uxtb	r0, r0
 142              		.loc 1 102 14 view .LVU26
 143 004c D168     		ldr	r1, [r2, #12]
 144              		.loc 1 102 26 view .LVU27
 145 004e 2A4C     		ldr	r4, .L16+20
 146 0050 205C     		ldrb	r0, [r4, r0]	@ zero_extendqisi2
 147              		.loc 1 102 14 view .LVU28
 148 0052 0143     		orrs	r1, r1, r0
 149 0054 D160     		str	r1, [r2, #12]
 150              		.loc 1 104 3 is_stmt 1 view .LVU29
 151              		.loc 1 104 14 is_stmt 0 view .LVU30
 152 0056 D168     		ldr	r1, [r2, #12]
 153              		.loc 1 104 27 view .LVU31
 154 0058 0833     		adds	r3, r3, #8
 155              		.loc 1 104 21 view .LVU32
 156 005a 0120     		movs	r0, #1
 157 005c 00FA03F3 		lsl	r3, r0, r3
 158              		.loc 1 104 14 view .LVU33
 159 0060 0B43     		orrs	r3, r3, r1
 160 0062 D360     		str	r3, [r2, #12]
 161              		.loc 1 106 3 is_stmt 1 view .LVU34
 162              		.loc 1 106 16 is_stmt 0 view .LVU35
 163 0064 254A     		ldr	r2, .L16+24
 164 0066 1388     		ldrh	r3, [r2]
 165 0068 0344     		add	r3, r3, r0
 166 006a 1380     		strh	r3, [r2]	@ movhi
 167              		.loc 1 108 1 view .LVU36
 168 006c 10BC     		pop	{r4}
 169              	.LCFI2:
 170              		.cfi_remember_state
 171              		.cfi_restore 4
 172              		.cfi_def_cfa_offset 0
 173 006e 7047     		bx	lr
ARM GAS  C:\Users\MARKOM~1\AppData\Local\Temp\cckc2bbd.s 			page 4


 174              	.LVL4:
 175              	.L14:
 176              	.LCFI3:
 177              		.cfi_restore_state
 178              		.loc 1 78 4 is_stmt 1 view .LVU37
 179              		.loc 1 78 12 is_stmt 0 view .LVU38
 180 0070 1346     		mov	r3, r2
 181 0072 0022     		movs	r2, #0
 182 0074 1A60     		str	r2, [r3]
 183              		.loc 1 79 4 is_stmt 1 view .LVU39
 184              		.loc 1 79 8 is_stmt 0 view .LVU40
 185 0076 224A     		ldr	r2, .L16+28
 186 0078 1368     		ldr	r3, [r2]
 187 007a 0133     		adds	r3, r3, #1
 188              		.loc 1 79 7 view .LVU41
 189 007c 1360     		str	r3, [r2]
 190 007e 3C2B     		cmp	r3, #60
 191 0080 22D0     		beq	.L15
 192              	.L8:
 193              		.loc 1 88 4 is_stmt 1 view .LVU42
 194              		.loc 1 88 19 is_stmt 0 view .LVU43
 195 0082 204B     		ldr	r3, .L16+32
 196 0084 1B78     		ldrb	r3, [r3]	@ zero_extendqisi2
 197              		.loc 1 88 7 view .LVU44
 198 0086 002B     		cmp	r3, #0
 199 0088 C8D1     		bne	.L7
 200              		.loc 1 90 5 is_stmt 1 view .LVU45
 201              		.loc 1 90 23 is_stmt 0 view .LVU46
 202 008a 1F4B     		ldr	r3, .L16+36
 203 008c 1A68     		ldr	r2, [r3]
 204 008e 1F4B     		ldr	r3, .L16+40
 205 0090 A3FB0201 		umull	r0, r1, r3, r2
 206              	.LVL5:
 207              		.loc 1 90 23 view .LVU47
 208 0094 C808     		lsrs	r0, r1, #3
 209              		.loc 1 90 14 view .LVU48
 210 0096 C1F3C704 		ubfx	r4, r1, #3, #8
 211 009a 1649     		ldr	r1, .L16+16
 212 009c 0C70     		strb	r4, [r1]
 213              		.loc 1 91 5 is_stmt 1 view .LVU49
 214              		.loc 1 91 23 is_stmt 0 view .LVU50
 215 009e 00EB8000 		add	r0, r0, r0, lsl #2
 216 00a2 A2EB4002 		sub	r2, r2, r0, lsl #1
 217              		.loc 1 91 14 view .LVU51
 218 00a6 D2B2     		uxtb	r2, r2
 219 00a8 4A70     		strb	r2, [r1, #1]
 220              		.loc 1 92 5 is_stmt 1 view .LVU52
 221              		.loc 1 92 24 is_stmt 0 view .LVU53
 222 00aa 154A     		ldr	r2, .L16+28
 223 00ac 1268     		ldr	r2, [r2]
 224 00ae A3FB0203 		umull	r0, r3, r3, r2
 225 00b2 D808     		lsrs	r0, r3, #3
 226              		.loc 1 92 14 view .LVU54
 227 00b4 C3F3C703 		ubfx	r3, r3, #3, #8
 228 00b8 8B70     		strb	r3, [r1, #2]
 229              		.loc 1 93 5 is_stmt 1 view .LVU55
 230              		.loc 1 93 24 is_stmt 0 view .LVU56
ARM GAS  C:\Users\MARKOM~1\AppData\Local\Temp\cckc2bbd.s 			page 5


 231 00ba 00EB8000 		add	r0, r0, r0, lsl #2
 232 00be A2EB4002 		sub	r2, r2, r0, lsl #1
 233              		.loc 1 93 14 view .LVU57
 234 00c2 D2B2     		uxtb	r2, r2
 235 00c4 CA70     		strb	r2, [r1, #3]
 236 00c6 A9E7     		b	.L7
 237              	.LVL6:
 238              	.L15:
 239              		.loc 1 81 5 is_stmt 1 view .LVU58
 240              		.loc 1 81 13 is_stmt 0 view .LVU59
 241 00c8 1346     		mov	r3, r2
 242 00ca 0022     		movs	r2, #0
 243 00cc 1A60     		str	r2, [r3]
 244              		.loc 1 82 5 is_stmt 1 view .LVU60
 245              		.loc 1 82 9 is_stmt 0 view .LVU61
 246 00ce 0E4A     		ldr	r2, .L16+36
 247 00d0 1368     		ldr	r3, [r2]
 248 00d2 0133     		adds	r3, r3, #1
 249              		.loc 1 82 8 view .LVU62
 250 00d4 1360     		str	r3, [r2]
 251 00d6 3C2B     		cmp	r3, #60
 252 00d8 D3D1     		bne	.L8
 253              		.loc 1 84 6 is_stmt 1 view .LVU63
 254              		.loc 1 84 13 is_stmt 0 view .LVU64
 255 00da 1346     		mov	r3, r2
 256 00dc 0022     		movs	r2, #0
 257 00de 1A60     		str	r2, [r3]
 258 00e0 CFE7     		b	.L8
 259              	.L17:
 260 00e2 00BF     		.align	2
 261              	.L16:
 262 00e4 00000000 		.word	.LANCHOR0
 263 00e8 00000000 		.word	.LANCHOR2
 264 00ec 00000000 		.word	.LANCHOR6
 265 00f0 00100140 		.word	1073811456
 266 00f4 00000000 		.word	.LANCHOR5
 267 00f8 00000000 		.word	.LANCHOR1
 268 00fc 00000000 		.word	gu16_TIM1_OVC
 269 0100 00000000 		.word	.LANCHOR3
 270 0104 00000000 		.word	prikazFreq
 271 0108 00000000 		.word	.LANCHOR4
 272 010c CDCCCCCC 		.word	-858993459
 273              		.cfi_endproc
 274              	.LFE66:
 276              		.global	cifre
 277              		.global	tekuca
 278              		.global	minuti
 279              		.global	sekunde
 280              		.global	counter
 281              		.global	casovnik_tim_handle
 282              		.global	seven_seg
 283              		.section	.bss.cifre,"aw",%nobits
 284              		.align	2
 285              		.set	.LANCHOR5,. + 0
 288              	cifre:
 289 0000 00000000 		.space	4
 290              		.section	.bss.counter,"aw",%nobits
ARM GAS  C:\Users\MARKOM~1\AppData\Local\Temp\cckc2bbd.s 			page 6


 291              		.align	2
 292              		.set	.LANCHOR2,. + 0
 295              	counter:
 296 0000 00000000 		.space	4
 297              		.section	.bss.minuti,"aw",%nobits
 298              		.align	2
 299              		.set	.LANCHOR4,. + 0
 302              	minuti:
 303 0000 00000000 		.space	4
 304              		.section	.bss.sekunde,"aw",%nobits
 305              		.align	2
 306              		.set	.LANCHOR3,. + 0
 309              	sekunde:
 310 0000 00000000 		.space	4
 311              		.section	.bss.tekuca,"aw",%nobits
 312              		.set	.LANCHOR6,. + 0
 315              	tekuca:
 316 0000 00       		.space	1
 317              		.section	.data.casovnik_tim_handle,"aw"
 318              		.align	2
 319              		.set	.LANCHOR0,. + 0
 322              	casovnik_tim_handle:
 323 0000 00000000 		.word	htim1
 324              		.section	.data.seven_seg,"aw"
 325              		.align	2
 326              		.set	.LANCHOR1,. + 0
 329              	seven_seg:
 330 0000 81CF9286 		.ascii	"\201\317\222\206\314\244\240\217\200\204"
 330      CCA4A08F 
 330      8084
 331              		.text
 332              	.Letext0:
 333              		.file 2 "../c:\\users\\marko micovic\\desktop\\gnu mcu new\\arm-none-eabi-gcc-10.2.1-1.1\\arm-none
 334              		.file 3 "../c:\\users\\marko micovic\\desktop\\gnu mcu new\\arm-none-eabi-gcc-10.2.1-1.1\\arm-none
 335              		.file 4 "../Drivers/CMSIS/Device/ST/STM32F1xx/Include/stm32f103x6.h"
 336              		.file 5 "../Drivers/STM32F1xx_HAL_Driver/Inc/stm32f1xx_hal_def.h"
 337              		.file 6 "../Drivers/STM32F1xx_HAL_Driver/Inc/stm32f1xx_hal_dma.h"
 338              		.file 7 "../Drivers/STM32F1xx_HAL_Driver/Inc/stm32f1xx_hal_tim.h"
 339              		.file 8 "../Core/Inc/tim.h"
ARM GAS  C:\Users\MARKOM~1\AppData\Local\Temp\cckc2bbd.s 			page 7


DEFINED SYMBOLS
                            *ABS*:0000000000000000 casovnik.c
C:\Users\MARKOM~1\AppData\Local\Temp\cckc2bbd.s:16     .text.casovnik:0000000000000000 $t
C:\Users\MARKOM~1\AppData\Local\Temp\cckc2bbd.s:24     .text.casovnik:0000000000000000 casovnik
C:\Users\MARKOM~1\AppData\Local\Temp\cckc2bbd.s:60     .text.casovnik:000000000000001c $d
C:\Users\MARKOM~1\AppData\Local\Temp\cckc2bbd.s:69     .text.HAL_TIM_PeriodElapsedCallback:0000000000000000 $t
C:\Users\MARKOM~1\AppData\Local\Temp\cckc2bbd.s:76     .text.HAL_TIM_PeriodElapsedCallback:0000000000000000 HAL_TIM_PeriodElapsedCallback
C:\Users\MARKOM~1\AppData\Local\Temp\cckc2bbd.s:262    .text.HAL_TIM_PeriodElapsedCallback:00000000000000e4 $d
C:\Users\MARKOM~1\AppData\Local\Temp\cckc2bbd.s:288    .bss.cifre:0000000000000000 cifre
C:\Users\MARKOM~1\AppData\Local\Temp\cckc2bbd.s:315    .bss.tekuca:0000000000000000 tekuca
C:\Users\MARKOM~1\AppData\Local\Temp\cckc2bbd.s:302    .bss.minuti:0000000000000000 minuti
C:\Users\MARKOM~1\AppData\Local\Temp\cckc2bbd.s:309    .bss.sekunde:0000000000000000 sekunde
C:\Users\MARKOM~1\AppData\Local\Temp\cckc2bbd.s:295    .bss.counter:0000000000000000 counter
C:\Users\MARKOM~1\AppData\Local\Temp\cckc2bbd.s:322    .data.casovnik_tim_handle:0000000000000000 casovnik_tim_handle
C:\Users\MARKOM~1\AppData\Local\Temp\cckc2bbd.s:329    .data.seven_seg:0000000000000000 seven_seg
C:\Users\MARKOM~1\AppData\Local\Temp\cckc2bbd.s:284    .bss.cifre:0000000000000000 $d
C:\Users\MARKOM~1\AppData\Local\Temp\cckc2bbd.s:291    .bss.counter:0000000000000000 $d
C:\Users\MARKOM~1\AppData\Local\Temp\cckc2bbd.s:298    .bss.minuti:0000000000000000 $d
C:\Users\MARKOM~1\AppData\Local\Temp\cckc2bbd.s:305    .bss.sekunde:0000000000000000 $d
C:\Users\MARKOM~1\AppData\Local\Temp\cckc2bbd.s:316    .bss.tekuca:0000000000000000 $d
C:\Users\MARKOM~1\AppData\Local\Temp\cckc2bbd.s:318    .data.casovnik_tim_handle:0000000000000000 $d
C:\Users\MARKOM~1\AppData\Local\Temp\cckc2bbd.s:325    .data.seven_seg:0000000000000000 $d

UNDEFINED SYMBOLS
HAL_TIM_Base_Start_IT
HAL_TIM_IC_Start_IT
gu16_TIM1_OVC
prikazFreq
htim1
