ARM GAS  C:\Users\MARKOM~1\AppData\Local\Temp\cc7EkqA4.s 			page 1


   1              		.cpu cortex-m3
   2              		.eabi_attribute 20, 1
   3              		.eabi_attribute 21, 1
   4              		.eabi_attribute 23, 3
   5              		.eabi_attribute 24, 1
   6              		.eabi_attribute 25, 1
   7              		.eabi_attribute 26, 1
   8              		.eabi_attribute 30, 1
   9              		.eabi_attribute 34, 1
  10              		.eabi_attribute 18, 4
  11              		.file	"gpio.c"
  12              		.text
  13              	.Ltext0:
  14              		.cfi_sections	.debug_frame
  15              		.section	.text.MX_GPIO_Init,"ax",%progbits
  16              		.align	1
  17              		.global	MX_GPIO_Init
  18              		.arch armv7-m
  19              		.syntax unified
  20              		.thumb
  21              		.thumb_func
  22              		.fpu softvfp
  24              	MX_GPIO_Init:
  25              	.LFB65:
  26              		.file 1 "../Core/Src/gpio.c"
   1:../Core/Src/gpio.c **** 
  27              		.loc 1 37 1 view -0
  28              		.cfi_startproc
  29              		@ args = 0, pretend = 0, frame = 32
  30              		@ frame_needed = 0, uses_anonymous_args = 0
  31 0000 2DE9F041 		push	{r4, r5, r6, r7, r8, lr}
  32              	.LCFI0:
  33              		.cfi_def_cfa_offset 24
  34              		.cfi_offset 4, -24
  35              		.cfi_offset 5, -20
  36              		.cfi_offset 6, -16
  37              		.cfi_offset 7, -12
  38              		.cfi_offset 8, -8
  39              		.cfi_offset 14, -4
  40 0004 88B0     		sub	sp, sp, #32
  41              	.LCFI1:
  42              		.cfi_def_cfa_offset 56
  43              		.loc 1 39 3 view .LVU1
  44              		.loc 1 39 20 is_stmt 0 view .LVU2
  45 0006 0024     		movs	r4, #0
  46 0008 0494     		str	r4, [sp, #16]
  47 000a 0594     		str	r4, [sp, #20]
  48 000c 0694     		str	r4, [sp, #24]
  49 000e 0794     		str	r4, [sp, #28]
  50              		.loc 1 42 3 is_stmt 1 view .LVU3
  51              	.LBB2:
  52              		.loc 1 42 3 view .LVU4
  53              		.loc 1 42 3 view .LVU5
  54 0010 2E4B     		ldr	r3, .L3
  55 0012 9A69     		ldr	r2, [r3, #24]
  56 0014 42F01002 		orr	r2, r2, #16
  57 0018 9A61     		str	r2, [r3, #24]
ARM GAS  C:\Users\MARKOM~1\AppData\Local\Temp\cc7EkqA4.s 			page 2


  58              		.loc 1 42 3 view .LVU6
  59 001a 9A69     		ldr	r2, [r3, #24]
  60 001c 02F01002 		and	r2, r2, #16
  61 0020 0192     		str	r2, [sp, #4]
  62              		.loc 1 42 3 view .LVU7
  63 0022 019A     		ldr	r2, [sp, #4]
  64              	.LBE2:
  65              		.loc 1 42 3 view .LVU8
  66              		.loc 1 43 3 view .LVU9
  67              	.LBB3:
  68              		.loc 1 43 3 view .LVU10
  69              		.loc 1 43 3 view .LVU11
  70 0024 9A69     		ldr	r2, [r3, #24]
  71 0026 42F00402 		orr	r2, r2, #4
  72 002a 9A61     		str	r2, [r3, #24]
  73              		.loc 1 43 3 view .LVU12
  74 002c 9A69     		ldr	r2, [r3, #24]
  75 002e 02F00402 		and	r2, r2, #4
  76 0032 0292     		str	r2, [sp, #8]
  77              		.loc 1 43 3 view .LVU13
  78 0034 029A     		ldr	r2, [sp, #8]
  79              	.LBE3:
  80              		.loc 1 43 3 view .LVU14
  81              		.loc 1 44 3 view .LVU15
  82              	.LBB4:
  83              		.loc 1 44 3 view .LVU16
  84              		.loc 1 44 3 view .LVU17
  85 0036 9A69     		ldr	r2, [r3, #24]
  86 0038 42F00802 		orr	r2, r2, #8
  87 003c 9A61     		str	r2, [r3, #24]
  88              		.loc 1 44 3 view .LVU18
  89 003e 9B69     		ldr	r3, [r3, #24]
  90 0040 03F00803 		and	r3, r3, #8
  91 0044 0393     		str	r3, [sp, #12]
  92              		.loc 1 44 3 view .LVU19
  93 0046 039B     		ldr	r3, [sp, #12]
  94              	.LBE4:
  95              		.loc 1 44 3 view .LVU20
  96              		.loc 1 47 3 view .LVU21
  97 0048 214D     		ldr	r5, .L3+4
  98 004a 2246     		mov	r2, r4
  99 004c 40F6FF71 		movw	r1, #4095
 100 0050 2846     		mov	r0, r5
 101 0052 204F     		ldr	r7, .L3+8
 102 0054 B847     		blx	r7
 103              	.LVL0:
 104              		.loc 1 52 3 view .LVU22
 105 0056 204E     		ldr	r6, .L3+12
 106 0058 2246     		mov	r2, r4
 107 005a 4FF47041 		mov	r1, #61440
 108 005e 3046     		mov	r0, r6
 109 0060 B847     		blx	r7
 110              	.LVL1:
 111              		.loc 1 57 3 view .LVU23
 112              		.loc 1 57 23 is_stmt 0 view .LVU24
 113 0062 40F6FF73 		movw	r3, #4095
 114 0066 0493     		str	r3, [sp, #16]
ARM GAS  C:\Users\MARKOM~1\AppData\Local\Temp\cc7EkqA4.s 			page 3


 115              		.loc 1 60 3 is_stmt 1 view .LVU25
 116              		.loc 1 60 24 is_stmt 0 view .LVU26
 117 0068 0127     		movs	r7, #1
 118 006a 0597     		str	r7, [sp, #20]
 119              		.loc 1 61 3 is_stmt 1 view .LVU27
 120              		.loc 1 61 24 is_stmt 0 view .LVU28
 121 006c 0694     		str	r4, [sp, #24]
 122              		.loc 1 62 3 is_stmt 1 view .LVU29
 123              		.loc 1 62 25 is_stmt 0 view .LVU30
 124 006e 4FF00208 		mov	r8, #2
 125 0072 CDF81C80 		str	r8, [sp, #28]
 126              		.loc 1 63 3 is_stmt 1 view .LVU31
 127 0076 04A9     		add	r1, sp, #16
 128 0078 2846     		mov	r0, r5
 129 007a 184D     		ldr	r5, .L3+16
 130 007c A847     		blx	r5
 131              	.LVL2:
 132              		.loc 1 66 3 view .LVU32
 133              		.loc 1 66 23 is_stmt 0 view .LVU33
 134 007e 4FF48063 		mov	r3, #1024
 135 0082 0493     		str	r3, [sp, #16]
 136              		.loc 1 67 3 is_stmt 1 view .LVU34
 137              		.loc 1 67 24 is_stmt 0 view .LVU35
 138 0084 164B     		ldr	r3, .L3+20
 139 0086 0593     		str	r3, [sp, #20]
 140              		.loc 1 68 3 is_stmt 1 view .LVU36
 141              		.loc 1 68 24 is_stmt 0 view .LVU37
 142 0088 0694     		str	r4, [sp, #24]
 143              		.loc 1 69 3 is_stmt 1 view .LVU38
 144 008a 04A9     		add	r1, sp, #16
 145 008c 3046     		mov	r0, r6
 146 008e A847     		blx	r5
 147              	.LVL3:
 148              		.loc 1 72 3 view .LVU39
 149              		.loc 1 72 23 is_stmt 0 view .LVU40
 150 0090 4FF40063 		mov	r3, #2048
 151 0094 0493     		str	r3, [sp, #16]
 152              		.loc 1 73 3 is_stmt 1 view .LVU41
 153              		.loc 1 73 24 is_stmt 0 view .LVU42
 154 0096 134B     		ldr	r3, .L3+24
 155 0098 0593     		str	r3, [sp, #20]
 156              		.loc 1 74 3 is_stmt 1 view .LVU43
 157              		.loc 1 74 24 is_stmt 0 view .LVU44
 158 009a 0694     		str	r4, [sp, #24]
 159              		.loc 1 75 3 is_stmt 1 view .LVU45
 160 009c 04A9     		add	r1, sp, #16
 161 009e 3046     		mov	r0, r6
 162 00a0 A847     		blx	r5
 163              	.LVL4:
 164              		.loc 1 78 3 view .LVU46
 165              		.loc 1 78 23 is_stmt 0 view .LVU47
 166 00a2 4FF47043 		mov	r3, #61440
 167 00a6 0493     		str	r3, [sp, #16]
 168              		.loc 1 79 3 is_stmt 1 view .LVU48
 169              		.loc 1 79 24 is_stmt 0 view .LVU49
 170 00a8 0597     		str	r7, [sp, #20]
 171              		.loc 1 80 3 is_stmt 1 view .LVU50
ARM GAS  C:\Users\MARKOM~1\AppData\Local\Temp\cc7EkqA4.s 			page 4


 172              		.loc 1 80 24 is_stmt 0 view .LVU51
 173 00aa 0697     		str	r7, [sp, #24]
 174              		.loc 1 81 3 is_stmt 1 view .LVU52
 175              		.loc 1 81 25 is_stmt 0 view .LVU53
 176 00ac CDF81C80 		str	r8, [sp, #28]
 177              		.loc 1 82 3 is_stmt 1 view .LVU54
 178 00b0 04A9     		add	r1, sp, #16
 179 00b2 3046     		mov	r0, r6
 180 00b4 A847     		blx	r5
 181              	.LVL5:
 182              		.loc 1 85 3 view .LVU55
 183 00b6 2246     		mov	r2, r4
 184 00b8 2146     		mov	r1, r4
 185 00ba 2820     		movs	r0, #40
 186 00bc 0A4B     		ldr	r3, .L3+28
 187 00be 9847     		blx	r3
 188              	.LVL6:
 189              		.loc 1 86 3 view .LVU56
 190 00c0 2820     		movs	r0, #40
 191 00c2 0A4B     		ldr	r3, .L3+32
 192 00c4 9847     		blx	r3
 193              	.LVL7:
 194              		.loc 1 88 1 is_stmt 0 view .LVU57
 195 00c6 08B0     		add	sp, sp, #32
 196              	.LCFI2:
 197              		.cfi_def_cfa_offset 24
 198              		@ sp needed
 199 00c8 BDE8F081 		pop	{r4, r5, r6, r7, r8, pc}
 200              	.L4:
 201              		.align	2
 202              	.L3:
 203 00cc 00100240 		.word	1073876992
 204 00d0 00100140 		.word	1073811456
 205 00d4 00000000 		.word	HAL_GPIO_WritePin
 206 00d8 000C0140 		.word	1073810432
 207 00dc 00000000 		.word	HAL_GPIO_Init
 208 00e0 00003110 		.word	271646720
 209 00e4 00002110 		.word	270598144
 210 00e8 00000000 		.word	HAL_NVIC_SetPriority
 211 00ec 00000000 		.word	HAL_NVIC_EnableIRQ
 212              		.cfi_endproc
 213              	.LFE65:
 215              		.section	.text.setGPIOB,"ax",%progbits
 216              		.align	1
 217              		.global	setGPIOB
 218              		.syntax unified
 219              		.thumb
 220              		.thumb_func
 221              		.fpu softvfp
 223              	setGPIOB:
 224              	.LVL8:
 225              	.LFB66:
 226              		.loc 1 93 1 is_stmt 1 view -0
 227              		.cfi_startproc
 228              		@ args = 0, pretend = 0, frame = 0
 229              		@ frame_needed = 0, uses_anonymous_args = 0
 230              		.loc 1 94 2 view .LVU59
ARM GAS  C:\Users\MARKOM~1\AppData\Local\Temp\cc7EkqA4.s 			page 5


 231 0000 B0F5804F 		cmp	r0, #16384
 232 0004 06D0     		beq	.L6
 233 0006 0CD8     		bhi	.L7
 234 0008 B0F5805F 		cmp	r0, #4096
 235 000c 02D0     		beq	.L6
 236 000e B0F5005F 		cmp	r0, #8192
 237 0012 09D1     		bne	.L10
 238              	.L6:
 239              		.loc 1 93 1 is_stmt 0 view .LVU60
 240 0014 08B5     		push	{r3, lr}
 241              	.LCFI3:
 242              		.cfi_def_cfa_offset 8
 243              		.cfi_offset 3, -8
 244              		.cfi_offset 14, -4
 245              		.loc 1 100 3 is_stmt 1 view .LVU61
 246 0016 0A46     		mov	r2, r1
 247 0018 0146     		mov	r1, r0
 248              	.LVL9:
 249              		.loc 1 100 3 is_stmt 0 view .LVU62
 250 001a 0448     		ldr	r0, .L12
 251              	.LVL10:
 252              		.loc 1 100 3 view .LVU63
 253 001c 044B     		ldr	r3, .L12+4
 254 001e 9847     		blx	r3
 255              	.LVL11:
 256              		.loc 1 101 3 is_stmt 1 view .LVU64
 257              		.loc 1 105 1 is_stmt 0 view .LVU65
 258 0020 08BD     		pop	{r3, pc}
 259              	.LVL12:
 260              	.L7:
 261              	.LCFI4:
 262              		.cfi_def_cfa_offset 0
 263              		.cfi_restore 3
 264              		.cfi_restore 14
 265              		.loc 1 94 2 view .LVU66
 266 0022 B0F5004F 		cmp	r0, #32768
 267 0026 F5D0     		beq	.L6
 268              	.L10:
 269 0028 7047     		bx	lr
 270              	.L13:
 271 002a 00BF     		.align	2
 272              	.L12:
 273 002c 000C0140 		.word	1073810432
 274 0030 00000000 		.word	HAL_GPIO_WritePin
 275              		.cfi_endproc
 276              	.LFE66:
 278              		.text
 279              	.Letext0:
 280              		.file 2 "../c:\\users\\marko micovic\\desktop\\gnu mcu new\\arm-none-eabi-gcc-10.2.1-1.1\\arm-none
 281              		.file 3 "../c:\\users\\marko micovic\\desktop\\gnu mcu new\\arm-none-eabi-gcc-10.2.1-1.1\\arm-none
 282              		.file 4 "../Drivers/CMSIS/Device/ST/STM32F1xx/Include/stm32f103x6.h"
 283              		.file 5 "../Drivers/STM32F1xx_HAL_Driver/Inc/stm32f1xx_hal_gpio.h"
 284              		.file 6 "../Drivers/STM32F1xx_HAL_Driver/Inc/stm32f1xx_hal_cortex.h"
ARM GAS  C:\Users\MARKOM~1\AppData\Local\Temp\cc7EkqA4.s 			page 6


DEFINED SYMBOLS
                            *ABS*:0000000000000000 gpio.c
C:\Users\MARKOM~1\AppData\Local\Temp\cc7EkqA4.s:16     .text.MX_GPIO_Init:0000000000000000 $t
C:\Users\MARKOM~1\AppData\Local\Temp\cc7EkqA4.s:24     .text.MX_GPIO_Init:0000000000000000 MX_GPIO_Init
C:\Users\MARKOM~1\AppData\Local\Temp\cc7EkqA4.s:203    .text.MX_GPIO_Init:00000000000000cc $d
C:\Users\MARKOM~1\AppData\Local\Temp\cc7EkqA4.s:216    .text.setGPIOB:0000000000000000 $t
C:\Users\MARKOM~1\AppData\Local\Temp\cc7EkqA4.s:223    .text.setGPIOB:0000000000000000 setGPIOB
C:\Users\MARKOM~1\AppData\Local\Temp\cc7EkqA4.s:273    .text.setGPIOB:000000000000002c $d

UNDEFINED SYMBOLS
HAL_GPIO_WritePin
HAL_GPIO_Init
HAL_NVIC_SetPriority
HAL_NVIC_EnableIRQ
