ARM GAS  C:\Users\MARKOM~1\AppData\Local\Temp\ccN0a65V.s 			page 1


   1              		.cpu cortex-m3
   2              		.eabi_attribute 20, 1
   3              		.eabi_attribute 21, 1
   4              		.eabi_attribute 23, 3
   5              		.eabi_attribute 24, 1
   6              		.eabi_attribute 25, 1
   7              		.eabi_attribute 26, 1
   8              		.eabi_attribute 30, 1
   9              		.eabi_attribute 34, 1
  10              		.eabi_attribute 18, 4
  11              		.file	"main.c"
  12              		.text
  13              	.Ltext0:
  14              		.cfi_sections	.debug_frame
  15              		.section	.text.SystemClock_Config,"ax",%progbits
  16              		.align	1
  17              		.global	SystemClock_Config
  18              		.arch armv7-m
  19              		.syntax unified
  20              		.thumb
  21              		.thumb_func
  22              		.fpu softvfp
  24              	SystemClock_Config:
  25              	.LFB66:
  26              		.file 1 "../Core/Src/main.c"
   1:../Core/Src/main.c **** 
  27              		.loc 1 118 1 view -0
  28              		.cfi_startproc
  29              		@ args = 0, pretend = 0, frame = 64
  30              		@ frame_needed = 0, uses_anonymous_args = 0
  31 0000 10B5     		push	{r4, lr}
  32              	.LCFI0:
  33              		.cfi_def_cfa_offset 8
  34              		.cfi_offset 4, -8
  35              		.cfi_offset 14, -4
  36 0002 90B0     		sub	sp, sp, #64
  37              	.LCFI1:
  38              		.cfi_def_cfa_offset 72
  39              		.loc 1 119 2 view .LVU1
  40              		.loc 1 119 21 is_stmt 0 view .LVU2
  41 0004 2822     		movs	r2, #40
  42 0006 0021     		movs	r1, #0
  43 0008 06A8     		add	r0, sp, #24
  44 000a 0E4B     		ldr	r3, .L3
  45 000c 9847     		blx	r3
  46              	.LVL0:
  47              		.loc 1 121 2 is_stmt 1 view .LVU3
  48              		.loc 1 121 21 is_stmt 0 view .LVU4
  49 000e 0024     		movs	r4, #0
  50 0010 0194     		str	r4, [sp, #4]
  51 0012 0294     		str	r4, [sp, #8]
  52 0014 0394     		str	r4, [sp, #12]
  53 0016 0494     		str	r4, [sp, #16]
  54 0018 0594     		str	r4, [sp, #20]
  55              		.loc 1 127 2 is_stmt 1 view .LVU5
  56              		.loc 1 127 35 is_stmt 0 view .LVU6
  57 001a 0223     		movs	r3, #2
ARM GAS  C:\Users\MARKOM~1\AppData\Local\Temp\ccN0a65V.s 			page 2


  58 001c 0693     		str	r3, [sp, #24]
  59              		.loc 1 128 2 is_stmt 1 view .LVU7
  60              		.loc 1 128 29 is_stmt 0 view .LVU8
  61 001e 0123     		movs	r3, #1
  62 0020 0A93     		str	r3, [sp, #40]
  63              		.loc 1 129 2 is_stmt 1 view .LVU9
  64              		.loc 1 129 40 is_stmt 0 view .LVU10
  65 0022 1023     		movs	r3, #16
  66 0024 0B93     		str	r3, [sp, #44]
  67              		.loc 1 130 2 is_stmt 1 view .LVU11
  68              		.loc 1 131 2 view .LVU12
  69              		.loc 1 131 6 is_stmt 0 view .LVU13
  70 0026 06A8     		add	r0, sp, #24
  71 0028 074B     		ldr	r3, .L3+4
  72 002a 9847     		blx	r3
  73              	.LVL1:
  74              		.loc 1 137 2 is_stmt 1 view .LVU14
  75              		.loc 1 137 30 is_stmt 0 view .LVU15
  76 002c 0F23     		movs	r3, #15
  77 002e 0193     		str	r3, [sp, #4]
  78              		.loc 1 139 2 is_stmt 1 view .LVU16
  79              		.loc 1 139 33 is_stmt 0 view .LVU17
  80 0030 0294     		str	r4, [sp, #8]
  81              		.loc 1 140 2 is_stmt 1 view .LVU18
  82              		.loc 1 140 34 is_stmt 0 view .LVU19
  83 0032 0394     		str	r4, [sp, #12]
  84              		.loc 1 141 2 is_stmt 1 view .LVU20
  85              		.loc 1 141 35 is_stmt 0 view .LVU21
  86 0034 0494     		str	r4, [sp, #16]
  87              		.loc 1 142 2 is_stmt 1 view .LVU22
  88              		.loc 1 142 35 is_stmt 0 view .LVU23
  89 0036 0594     		str	r4, [sp, #20]
  90              		.loc 1 144 2 is_stmt 1 view .LVU24
  91              		.loc 1 144 6 is_stmt 0 view .LVU25
  92 0038 2146     		mov	r1, r4
  93 003a 01A8     		add	r0, sp, #4
  94 003c 034B     		ldr	r3, .L3+8
  95 003e 9847     		blx	r3
  96              	.LVL2:
  97              		.loc 1 148 1 view .LVU26
  98 0040 10B0     		add	sp, sp, #64
  99              	.LCFI2:
 100              		.cfi_def_cfa_offset 8
 101              		@ sp needed
 102 0042 10BD     		pop	{r4, pc}
 103              	.L4:
 104              		.align	2
 105              	.L3:
 106 0044 00000000 		.word	memset
 107 0048 00000000 		.word	HAL_RCC_OscConfig
 108 004c 00000000 		.word	HAL_RCC_ClockConfig
 109              		.cfi_endproc
 110              	.LFE66:
 112              		.section	.text.main,"ax",%progbits
 113              		.align	1
 114              		.global	main
 115              		.syntax unified
ARM GAS  C:\Users\MARKOM~1\AppData\Local\Temp\ccN0a65V.s 			page 3


 116              		.thumb
 117              		.thumb_func
 118              		.fpu softvfp
 120              	main:
 121              	.LFB65:
 122              		.loc 1 66 1 is_stmt 1 view -0
 123              		.cfi_startproc
 124              		@ Volatile: function does not return.
 125              		@ args = 0, pretend = 0, frame = 0
 126              		@ frame_needed = 0, uses_anonymous_args = 0
 127 0000 08B5     		push	{r3, lr}
 128              	.LCFI3:
 129              		.cfi_def_cfa_offset 8
 130              		.cfi_offset 3, -8
 131              		.cfi_offset 14, -4
 132              		.loc 1 74 2 view .LVU28
 133 0002 0D4B     		ldr	r3, .L8
 134 0004 9847     		blx	r3
 135              	.LVL3:
 136              		.loc 1 81 2 view .LVU29
 137 0006 0D4B     		ldr	r3, .L8+4
 138 0008 9847     		blx	r3
 139              	.LVL4:
 140              		.loc 1 88 2 view .LVU30
 141 000a 0D4B     		ldr	r3, .L8+8
 142 000c 9847     		blx	r3
 143              	.LVL5:
 144              		.loc 1 89 2 view .LVU31
 145 000e 0D4B     		ldr	r3, .L8+12
 146 0010 9847     		blx	r3
 147              	.LVL6:
 148              		.loc 1 90 2 view .LVU32
 149 0012 0D4B     		ldr	r3, .L8+16
 150 0014 9847     		blx	r3
 151              	.LVL7:
 152              		.loc 1 93 2 view .LVU33
 153 0016 0121     		movs	r1, #1
 154 0018 4FF40050 		mov	r0, #8192
 155 001c 0B4C     		ldr	r4, .L8+20
 156 001e A047     		blx	r4
 157              	.LVL8:
 158              		.loc 1 94 2 view .LVU34
 159 0020 0121     		movs	r1, #1
 160 0022 4FF48040 		mov	r0, #16384
 161 0026 A047     		blx	r4
 162              	.LVL9:
 163              		.loc 1 96 2 view .LVU35
 164 0028 094B     		ldr	r3, .L8+24
 165 002a 9847     		blx	r3
 166              	.LVL10:
 167              		.loc 1 98 2 view .LVU36
 168 002c 0021     		movs	r1, #0
 169 002e 0948     		ldr	r0, .L8+28
 170 0030 094B     		ldr	r3, .L8+32
 171 0032 9847     		blx	r3
 172              	.LVL11:
 173              	.L6:
ARM GAS  C:\Users\MARKOM~1\AppData\Local\Temp\ccN0a65V.s 			page 4


 174              		.loc 1 104 2 discriminator 1 view .LVU37
 175              		.loc 1 109 2 discriminator 1 view .LVU38
 176              		.loc 1 104 8 discriminator 1 view .LVU39
 177 0034 FEE7     		b	.L6
 178              	.L9:
 179 0036 00BF     		.align	2
 180              	.L8:
 181 0038 00000000 		.word	HAL_Init
 182 003c 00000000 		.word	SystemClock_Config
 183 0040 00000000 		.word	MX_GPIO_Init
 184 0044 00000000 		.word	MX_TIM1_Init
 185 0048 00000000 		.word	MX_TIM3_Init
 186 004c 00000000 		.word	setGPIOB
 187 0050 00000000 		.word	casovnik
 188 0054 00000000 		.word	htim3
 189 0058 00000000 		.word	HAL_TIM_OC_Start_IT
 190              		.cfi_endproc
 191              	.LFE65:
 193              		.section	.text.Error_Handler,"ax",%progbits
 194              		.align	1
 195              		.global	Error_Handler
 196              		.syntax unified
 197              		.thumb
 198              		.thumb_func
 199              		.fpu softvfp
 201              	Error_Handler:
 202              	.LFB67:
 203              		.loc 1 159 1 view -0
 204              		.cfi_startproc
 205              		@ args = 0, pretend = 0, frame = 0
 206              		@ frame_needed = 0, uses_anonymous_args = 0
 207              		@ link register save eliminated.
 208              		.loc 1 164 1 view .LVU41
 209 0000 7047     		bx	lr
 210              		.cfi_endproc
 211              	.LFE67:
 213              		.text
 214              	.Letext0:
 215              		.file 2 "../c:\\users\\marko micovic\\desktop\\gnu mcu new\\arm-none-eabi-gcc-10.2.1-1.1\\arm-none
 216              		.file 3 "../c:\\users\\marko micovic\\desktop\\gnu mcu new\\arm-none-eabi-gcc-10.2.1-1.1\\arm-none
 217              		.file 4 "../Drivers/CMSIS/Device/ST/STM32F1xx/Include/stm32f103x6.h"
 218              		.file 5 "../Drivers/STM32F1xx_HAL_Driver/Inc/stm32f1xx_hal_def.h"
 219              		.file 6 "../Drivers/STM32F1xx_HAL_Driver/Inc/stm32f1xx_hal_rcc.h"
 220              		.file 7 "../Drivers/STM32F1xx_HAL_Driver/Inc/stm32f1xx_hal_rcc_ex.h"
 221              		.file 8 "../Drivers/STM32F1xx_HAL_Driver/Inc/stm32f1xx_hal_dma.h"
 222              		.file 9 "../Drivers/STM32F1xx_HAL_Driver/Inc/stm32f1xx_hal_tim.h"
 223              		.file 10 "../Drivers/STM32F1xx_HAL_Driver/Inc/stm32f1xx_hal.h"
 224              		.file 11 "../Core/Inc/gpio.h"
 225              		.file 12 "../Core/Inc/tim.h"
 226              		.file 13 "../Core/Inc/casovnik.h"
 227              		.file 14 "../<built-in>"
ARM GAS  C:\Users\MARKOM~1\AppData\Local\Temp\ccN0a65V.s 			page 5


DEFINED SYMBOLS
                            *ABS*:0000000000000000 main.c
C:\Users\MARKOM~1\AppData\Local\Temp\ccN0a65V.s:16     .text.SystemClock_Config:0000000000000000 $t
C:\Users\MARKOM~1\AppData\Local\Temp\ccN0a65V.s:24     .text.SystemClock_Config:0000000000000000 SystemClock_Config
C:\Users\MARKOM~1\AppData\Local\Temp\ccN0a65V.s:106    .text.SystemClock_Config:0000000000000044 $d
C:\Users\MARKOM~1\AppData\Local\Temp\ccN0a65V.s:113    .text.main:0000000000000000 $t
C:\Users\MARKOM~1\AppData\Local\Temp\ccN0a65V.s:120    .text.main:0000000000000000 main
C:\Users\MARKOM~1\AppData\Local\Temp\ccN0a65V.s:181    .text.main:0000000000000038 $d
C:\Users\MARKOM~1\AppData\Local\Temp\ccN0a65V.s:194    .text.Error_Handler:0000000000000000 $t
C:\Users\MARKOM~1\AppData\Local\Temp\ccN0a65V.s:201    .text.Error_Handler:0000000000000000 Error_Handler

UNDEFINED SYMBOLS
memset
HAL_RCC_OscConfig
HAL_RCC_ClockConfig
HAL_Init
MX_GPIO_Init
MX_TIM1_Init
MX_TIM3_Init
setGPIOB
casovnik
htim3
HAL_TIM_OC_Start_IT
